[2026-07-17 03:13:08] ==================================================
[2026-07-17 03:13:08] 重启流程开始
[2026-07-17 03:13:08] 交接内容 (27 字符):
[2026-07-17 03:13:08] ---
# 交接信息

（等待 planner 写入...）

---
[2026-07-17 03:13:08] 开始重启 COMS agents...
[2026-07-17 03:13:08] 正在重启 agent: planner
[2026-07-17 03:13:08] Agent planner 重启命令已发送
[2026-07-17 03:13:08]   planner: restarted
[2026-07-17 03:13:08] 正在重启 agent: coder
[2026-07-17 03:13:08] Agent coder 重启命令已发送
[2026-07-17 03:13:08]   coder: restarted
[2026-07-17 03:13:08] 交接文件已归档: /Users/rama/textron/test_20260717_031308.md
[2026-07-17 03:13:08] 重启流程完成
[2026-07-17 03:13:08] ==================================================
[2026-07-17 05:17:35] ==================================================
[2026-07-17 05:17:35] 重启流程开始
[2026-07-17 05:17:35] 交接内容 (4412 字符):
[2026-07-17 05:17:35] ---
# Textron 星象+A股预测 RL 闭环 — 交接文档

> 生成时间：2026-07-17  
> 交接人：planner agent  
> 接收人：后续接手者

---

## 一、当前正在进行的任务

### 主任务：验证 Textron RL 闭环能否提升 coder 股票预测准确率

**机制**：主AI 组装测试用例 → coms_send 发给 coder 隔离预测 → 对答案 → 反馈 coder → Textron autoBackward 自动消费 reward 更新网络。

**当前进度**：
- 累计测试 34 组，正确率 52.9% (18/34)
- 最新：第10轮单例 06-02，预测错误（DOWN→实际 UP），已完成反馈+backward 审计
- 网络：`astro_stock_prediction` [11,40,41] = 92节点
- 下批起点：06-11（需确保前5日不含已测日期的答案，间距≥7交易日）

**正确率趋势**：

| 批次 | 正确率 |
|------|--------|
| 第1-2轮 (03月) | 50% |

---
[2026-07-17 05:17:35] 开始重启 COMS agents...
[2026-07-17 05:17:35] 正在重启 agent: planner
[2026-07-17 05:17:35] Agent planner 重启命令已发送
[2026-07-17 05:17:35]   planner: restarted
[2026-07-17 05:17:35] 正在重启 agent: coder
[2026-07-17 05:17:35] Agent coder 重启命令已发送
[2026-07-17 05:17:35]   coder: restarted
[2026-07-17 05:17:35] 交接文件已归档: /Users/rama/textron/test_20260717_051735.md
[2026-07-17 05:17:35] 重启流程完成
[2026-07-17 05:17:35] ==================================================
[2026-07-17 05:20:06] ==================================================
[2026-07-17 05:20:06] 重启流程开始
[2026-07-17 05:20:06] 交接内容 (17 字符):
[2026-07-17 05:20:06] ---
# 测试交接\n\n测试重启流程

---
[2026-07-17 05:20:06] 开始重启 COMS agents...
[2026-07-17 05:20:06] 正在重启 agent: planner
[2026-07-17 05:20:06]   已终止旧 screen 会话: 26239.planner
[2026-07-17 05:20:06]   ✅ planner screen 会话已创建
[2026-07-17 05:20:06]   planner: restarted
[2026-07-17 05:20:06] 正在重启 agent: coder
[2026-07-17 05:20:06]   已终止旧 screen 会话: 26242.coder
[2026-07-17 05:20:06]   ✅ coder screen 会话已创建
[2026-07-17 05:20:06]   coder: restarted
[2026-07-17 05:20:06] 交接文件已归档: /Users/rama/textron/test_20260717_052006.md
[2026-07-17 05:20:06] 重启流程完成
[2026-07-17 05:20:06] ==================================================
[2026-07-17 05:21:34] ==================================================
[2026-07-17 05:21:34] 重启流程开始
[2026-07-17 05:21:34] 交接内容 (4412 字符):
[2026-07-17 05:21:34] ---
# Textron 星象+A股预测 RL 闭环 — 交接文档

> 生成时间：2026-07-17  
> 交接人：planner agent  
> 接收人：后续接手者

---

## 一、当前正在进行的任务

### 主任务：验证 Textron RL 闭环能否提升 coder 股票预测准确率

**机制**：主AI 组装测试用例 → coms_send 发给 coder 隔离预测 → 对答案 → 反馈 coder → Textron autoBackward 自动消费 reward 更新网络。

**当前进度**：
- 累计测试 34 组，正确率 52.9% (18/34)
- 最新：第10轮单例 06-02，预测错误（DOWN→实际 UP），已完成反馈+backward 审计
- 网络：`astro_stock_prediction` [11,40,41] = 92节点
- 下批起点：06-11（需确保前5日不含已测日期的答案，间距≥7交易日）

**正确率趋势**：

| 批次 | 正确率 |
|------|--------|
| 第1-2轮 (03月) | 50% |

---
[2026-07-17 05:21:34] 开始重启 COMS agents...
[2026-07-17 05:21:34] 正在重启 agent: planner
[2026-07-17 05:21:34]   已终止旧 screen 会话: 26445.planner
[2026-07-17 05:21:34]   ✅ planner screen 会话已创建
[2026-07-17 05:21:34]   planner: restarted
[2026-07-17 05:21:34] 正在重启 agent: coder
[2026-07-17 05:21:34]   已终止旧 screen 会话: 26450.coder
[2026-07-17 05:21:34]   ✅ coder screen 会话已创建
[2026-07-17 05:21:34]   coder: restarted
[2026-07-17 05:21:34] 交接文件已归档: /Users/rama/textron/test_20260717_052134.md
[2026-07-17 05:21:34] 重启流程完成
[2026-07-17 05:21:34] ==================================================
[2026-07-17 05:22:52] ==================================================
[2026-07-17 05:22:52] 重启流程开始
[2026-07-17 05:22:52] 交接内容 (27 字符):
[2026-07-17 05:22:52] ---
# 交接信息

（等待 planner 写入...）

---
[2026-07-17 05:22:52] 开始重启 COMS agents...
[2026-07-17 05:22:52] 正在重启 agent: planner
[2026-07-17 05:22:52]   已终止旧 screen 会话: 26601.planner
[2026-07-17 05:22:52]   ✅ planner screen 会话已创建
[2026-07-17 05:22:52]   planner: restarted
[2026-07-17 05:22:52] 正在重启 agent: coder
[2026-07-17 05:22:52]   已终止旧 screen 会话: 26606.coder
[2026-07-17 05:22:52]   ✅ coder screen 会话已创建
[2026-07-17 05:22:52]   coder: restarted
[2026-07-17 05:22:52] 交接文件已归档: /Users/rama/textron/test_20260717_052252.md
[2026-07-17 05:22:52] 重启流程完成
[2026-07-17 05:22:52] ==================================================
[2026-07-17 05:25:03] ==================================================
[2026-07-17 05:25:03] 重启流程开始
[2026-07-17 05:25:03] 交接内容 (27 字符):
[2026-07-17 05:25:03] ---
# 交接信息

（等待 planner 写入...）

---
[2026-07-17 05:25:03] 开始重启 COMS agents...
[2026-07-17 05:25:03] 正在重启 agent: planner
[2026-07-17 05:25:03]   已终止旧 screen 会话: 26762.planner
[2026-07-17 05:25:03]   ✅ planner screen 会话已创建
[2026-07-17 05:25:03]   planner: restarted
[2026-07-17 05:25:03] 正在重启 agent: coder
[2026-07-17 05:25:03]   已终止旧 screen 会话: 26767.coder
[2026-07-17 05:25:03]   ✅ coder screen 会话已创建
[2026-07-17 05:25:03]   coder: restarted
[2026-07-17 05:25:03] 交接文件已归档: /Users/rama/textron/test_20260717_052503.md
[2026-07-17 05:25:03] 重启流程完成
[2026-07-17 05:25:03] ==================================================
[2026-07-17 05:29:23] ==================================================
[2026-07-17 05:29:23] 重启流程开始
[2026-07-17 05:29:23] 交接内容 (27 字符):
[2026-07-17 05:29:23] ---
# 交接信息

（等待 planner 写入...）

---
[2026-07-17 05:29:23] 开始重启 COMS agents...
[2026-07-17 05:29:23] 正在重启 agent: planner
[2026-07-17 05:29:23]   已终止旧 screen 会话: 26996.planner
[2026-07-17 05:29:23]   ❌ 启动失败: 128:130: syntax error: “未知的记号”不能跟在““"””之后。 (-2740)
[2026-07-17 05:29:23]   planner: failed
[2026-07-17 05:29:23] 正在重启 agent: coder
[2026-07-17 05:29:23]   已终止旧 screen 会话: 27001.coder
[2026-07-17 05:29:23]   ❌ 启动失败: 126:128: syntax error: “未知的记号”不能跟在““"””之后。 (-2740)
[2026-07-17 05:29:23]   coder: failed
[2026-07-17 05:29:23] 交接文件已归档: /Users/rama/textron/test_20260717_052923.md
[2026-07-17 05:29:23] 重启流程完成
[2026-07-17 05:29:23] ==================================================
[2026-07-17 05:30:29] ==================================================
[2026-07-17 05:30:29] 重启流程开始
[2026-07-17 05:30:29] 交接内容 (27 字符):
[2026-07-17 05:30:29] ---
# 交接信息

（等待 planner 写入...）

---
[2026-07-17 05:30:29] 开始重启 COMS agents...
[2026-07-17 05:30:29] 正在重启 agent: planner
[2026-07-17 05:30:29]   未找到 planner 的旧 screen 会话，跳过 kill
[2026-07-17 05:30:29]   ✅ planner Terminal 窗口已打开
[2026-07-17 05:30:29]   planner: restarted
[2026-07-17 05:30:29] 正在重启 agent: coder
[2026-07-17 05:30:29]   未找到 coder 的旧 screen 会话，跳过 kill
[2026-07-17 05:30:29]   ✅ coder Terminal 窗口已打开
[2026-07-17 05:30:29]   coder: restarted
[2026-07-17 05:30:29] 交接文件已归档: /Users/rama/textron/test_20260717_053029.md
[2026-07-17 05:30:29] 重启流程完成
[2026-07-17 05:30:29] ==================================================
[2026-07-17 06:04:46] ==================================================
[2026-07-17 06:04:46] 重启流程开始
[2026-07-17 06:04:46] 交接内容 (27 字符):
[2026-07-17 06:04:46] ---
# 交接信息

（等待 planner 写入...）

---
[2026-07-17 06:04:46] 开始重启 COMS agents...
[2026-07-17 06:04:46] 正在重启 agent: planner
[2026-07-17 06:04:46]   未找到 planner 的旧 screen 会话，跳过 kill
[2026-07-17 06:04:46]   ✅ planner Terminal 窗口已打开
[2026-07-17 06:04:46]   planner: restarted
[2026-07-17 06:04:46] 正在重启 agent: coder
[2026-07-17 06:04:46]   未找到 coder 的旧 screen 会话，跳过 kill
[2026-07-17 06:04:46]   ✅ coder Terminal 窗口已打开
[2026-07-17 06:04:46]   coder: restarted
[2026-07-17 06:04:46] 交接文件已归档: /Users/rama/textron/test_20260717_060446.md
[2026-07-17 06:04:46] 重启流程完成
[2026-07-17 06:04:46] ==================================================
[2026-07-17 07:11:21] ==================================================
[2026-07-17 07:11:21] 重启流程开始
[2026-07-17 07:11:21] 交接内容 (27 字符):
[2026-07-17 07:11:21] ---
# 交接信息

（等待 planner 写入...）

---
[2026-07-17 07:11:21] 开始重启 COMS agents...
[2026-07-17 07:11:21] 正在重启 agent: planner
[2026-07-17 07:11:21]   未找到 planner 的旧 screen 会话，跳过 kill
[2026-07-17 07:11:22]   ✅ planner Terminal 窗口已打开
[2026-07-17 07:11:22]   planner: restarted
[2026-07-17 07:11:22] 正在重启 agent: coder
[2026-07-17 07:11:22]   未找到 coder 的旧 screen 会话，跳过 kill
[2026-07-17 07:11:22]   ✅ coder Terminal 窗口已打开
[2026-07-17 07:11:22]   coder: restarted
[2026-07-17 07:11:22] 交接文件已归档: /Users/rama/textron/test_20260717_071122.md
[2026-07-17 07:11:22] 重启流程完成
[2026-07-17 07:11:22] ==================================================
[2026-07-17 07:14:44] ==================================================
[2026-07-17 07:14:44] 重启流程开始
[2026-07-17 07:14:44] 交接内容 (27 字符):
[2026-07-17 07:14:44] ---
# 交接信息

（等待 planner 写入...）

---
[2026-07-17 07:14:44] 开始重启 COMS agents...
[2026-07-17 07:14:44] 正在重启 agent: planner
[2026-07-17 07:14:45]   未找到 planner 的旧进程，跳过 kill
[2026-07-17 07:14:45]   ✅ planner Terminal 窗口已打开
[2026-07-17 07:14:45]   planner: restarted
[2026-07-17 07:14:45] 正在重启 agent: coder
[2026-07-17 07:14:45]   未找到 coder 的旧进程，跳过 kill
[2026-07-17 07:14:46]   ✅ coder Terminal 窗口已打开
[2026-07-17 07:14:46]   coder: restarted
[2026-07-17 07:14:46] 交接文件已归档: /Users/rama/textron/test_20260717_071446.md
[2026-07-17 07:14:46] 重启流程完成
[2026-07-17 07:14:46] ==================================================
[2026-07-17 19:59:23] ==================================================
[2026-07-17 19:59:23] 重启流程开始
[2026-07-17 19:59:23] 交接内容 (27 字符):
[2026-07-17 19:59:23] ---
# 交接信息

（等待 planner 写入...）

---
[2026-07-17 19:59:23] 开始重启 COMS agents...
[2026-07-17 19:59:23] 正在重启 agent: planner
[2026-07-17 19:59:23]   未找到 planner 的旧进程，跳过 kill
[2026-07-17 19:59:24]   ✅ planner Terminal 窗口已打开
[2026-07-17 19:59:24]   planner: restarted
[2026-07-17 19:59:24] 正在重启 agent: coder
[2026-07-17 19:59:24]   未找到 coder 的旧进程，跳过 kill
[2026-07-17 19:59:25]   ✅ coder Terminal 窗口已打开
[2026-07-17 19:59:25]   coder: restarted
[2026-07-17 19:59:25] 交接文件已归档: /Users/rama/textron/test_20260717_195925.md
[2026-07-17 19:59:25] 重启流程完成
[2026-07-17 19:59:25] ==================================================
[2026-07-17 20:25:16] ==================================================
[2026-07-17 20:25:16] 重启流程开始
[2026-07-17 20:25:16] 交接内容 (2052 字符):
[2026-07-17 20:25:16] ---
# 交接信息（2026-07-17 晚 · endpoint 拼接 bug 修复后重启）

## 本次重启原因：index.ts 关键 bug 已修复，需重启生效

### 🐛 Bug 根因（已查实并修复）

**症状**：重启后 L0 评分 8 种调用方式全失败（91-141ms 空响应/HTTP 404），semantic_backward 零记录。

**根因**：`index.ts` 的 endpoint 拼接只识别 `/v1` 结尾：
```ts
// 旧（bug）：baseUrl.endsWith("/v1") ? `${baseUrl}/chat/completions` : `${baseUrl}/v1/chat/completions`
// volcengine baseUrl = https://ark.cn-beijing.volces.com/api/plan/v3
// → 拼出 /api/plan/v3/v1/chat/completions → 404 空响应
```

**修复**：新增 `joinApiEndpoint()`（index.ts:144
---
[2026-07-17 20:25:16] 开始重启 COMS agents...
[2026-07-17 20:25:16] 正在重启 agent: planner
[2026-07-17 20:25:16]   已终止 planner 进程: 84875
[2026-07-17 20:25:16]   ✅ planner Terminal 窗口已打开
[2026-07-17 20:25:16]   planner: restarted
[2026-07-17 20:25:16] 正在重启 agent: coder
[2026-07-17 20:25:16]   已终止 coder 进程: 84895
[2026-07-17 20:25:17]   ✅ coder Terminal 窗口已打开
[2026-07-17 20:25:17]   coder: restarted
[2026-07-17 20:25:17] 交接文件已归档: /Users/rama/textron/test_20260717_202517.md
[2026-07-17 20:25:17] 重启流程完成
[2026-07-17 20:25:17] ==================================================
[2026-07-17 21:24:11] ==================================================
[2026-07-17 21:24:11] 重启流程开始
[2026-07-17 21:24:11] 交接内容 (2570 字符):
[2026-07-17 21:24:11] ---
# 交接信息（2026-07-17 晚 · 第17轮完成 · RELATED死代码bug已修待重启）

## 测试进度
- **累计 21/41 = 51.2%**
- 第17轮 06-30 单例 ✅：coder预测UP，实际 **UP +0.50%**（O4058 H4097 L4052 C4094 V598亿）
  - 高点4097.41精准止于4099-4100阻力区下沿，coder阻力判断完全兑现
  - 固化模式：**方向与幅度分离置信**——尾盘控盘惯性定方向（缩量仍成立），阻力区+量能定幅度
- **第18轮目标日：07-01（周三）**，前5交易日=06-24~06-30

## 🐛 本轮查日志改bug记录（每轮必做环节）
### Bug：RELATED段恒空 → MERGE/DELETE FIRST死代码
- **症状**：重启后8条semantic_backward记录 nodeActions/addNodes 全为0；审计发现 userPrompt 中 RELATED 段恒为 "(none — all related nodes are on the select
---
[2026-07-17 21:24:11] 开始重启 COMS agents...
[2026-07-17 21:24:11] 正在重启 agent: planner
[2026-07-17 21:24:11]   已终止 planner 进程: 87580
[2026-07-17 21:24:12]   ✅ planner Terminal 窗口已打开
[2026-07-17 21:24:12]   planner: restarted
[2026-07-17 21:24:12] 正在重启 agent: coder
[2026-07-17 21:24:12]   已终止 coder 进程: 87602
[2026-07-17 21:24:13]   ✅ coder Terminal 窗口已打开
[2026-07-17 21:24:13]   coder: restarted
[2026-07-17 21:24:13] 交接文件已归档: /Users/rama/textron/test_20260717_212413.md
[2026-07-17 21:24:13] 重启流程完成
[2026-07-17 21:24:13] ==================================================
[2026-07-21 00:18:20] ==================================================
[2026-07-21 00:18:20] 重启流程开始
[2026-07-21 00:18:20] 交接内容 (27 字符):
[2026-07-21 00:18:20] ---
# 交接信息

（等待 planner 写入...）

---
[2026-07-21 00:18:20] 开始重启 COMS agents...
[2026-07-21 00:18:20] 正在重启 agent: planner
[2026-07-21 00:18:20]   未找到 planner 的旧进程，跳过 kill
[2026-07-21 00:18:20]   ✅ planner Terminal 窗口已打开
[2026-07-21 00:18:20]   planner: restarted
[2026-07-21 00:18:20] 正在重启 agent: coder
[2026-07-21 00:18:20]   未找到 coder 的旧进程，跳过 kill
[2026-07-21 00:18:21]   ✅ coder Terminal 窗口已打开
[2026-07-21 00:18:21]   coder: restarted
[2026-07-21 00:18:21] 交接文件已归档: /Users/rama/textron/test_20260721_001821.md
[2026-07-21 00:18:21] 重启流程完成
[2026-07-21 00:18:21] ==================================================
[2026-07-21 00:35:54] ==================================================
[2026-07-21 00:35:54] 重启流程开始
[2026-07-21 00:35:55] 交接内容 (1100 字符):
[2026-07-21 00:35:55] ---
# Textron Agent 交接信息（2026-07-21）

## 立即任务

planner + coder 已由 boss 重启。立即执行 1 轮星象+A股 Textron RL 闭环测试。

- 目标日：2025-01-02（2025 年第一个交易日）
- 指数：sh000001（上证指数）
- 完整流程与模板：/Users/rama/textron-agent/test.md
- 新 skill：/Users/rama/.pi/agent/skills/astro-stock/SKILL.md（已注册并重启生效）

## 测试步骤

1. planner 调 `http://127.0.0.1:8768/kline/multi?symbol=sh000001&target=2025-01-02` 获取前30日K+18周K+10月K。
2. planner 调 `http://127.0.0.1:8769/horoscope3d?target=2025-01-02` 获取前日/当日/后一日星象。
3. 按项目 test.md 标准模板组装用例，用 coms_send 发 c
---
[2026-07-21 00:35:55] 开始重启 COMS agents...
[2026-07-21 00:35:55] 正在重启 agent: planner
[2026-07-21 00:35:55]   已终止 planner 进程: 34231
[2026-07-21 00:35:55]   ✅ planner Terminal 窗口已打开
[2026-07-21 00:35:55]   planner: restarted
[2026-07-21 00:35:55] 正在重启 agent: coder
[2026-07-21 00:35:55]   已终止 coder 进程: 34251
[2026-07-21 00:35:56]   ✅ coder Terminal 窗口已打开
[2026-07-21 00:35:56]   coder: restarted
[2026-07-21 00:35:56] 交接文件已归档: /Users/rama/textron/test_20260721_003556.md
[2026-07-21 00:35:56] 重启流程完成
[2026-07-21 00:35:56] ==================================================
[2026-07-21 00:39:48] ==================================================
[2026-07-21 00:39:48] 重启流程开始
[2026-07-21 00:39:48] 交接内容 (27 字符):
[2026-07-21 00:39:48] ---
# 交接信息

（等待 planner 写入...）

---
[2026-07-21 00:39:48] 开始重启 COMS agents...
[2026-07-21 00:39:48] 正在重启 agent: planner
[2026-07-21 00:39:48]   未找到 planner 的旧进程，跳过 kill
[2026-07-21 00:39:48]   ✅ planner Terminal 窗口已打开
[2026-07-21 00:39:48]   planner: restarted
[2026-07-21 00:39:48] 正在重启 agent: coder
[2026-07-21 00:39:48]   未找到 coder 的旧进程，跳过 kill
[2026-07-21 00:39:49]   ✅ coder Terminal 窗口已打开
[2026-07-21 00:39:49]   coder: restarted
[2026-07-21 00:39:49] 交接文件已归档: /Users/rama/textron/test_20260721_003949.md
[2026-07-21 00:39:49] 重启流程完成
[2026-07-21 00:39:49] ==================================================
[2026-07-21 00:53:50] ==================================================
[2026-07-21 00:53:50] 重启流程开始
[2026-07-21 00:53:50] 交接内容 (27 字符):
[2026-07-21 00:53:50] ---
# 交接信息

（等待 planner 写入...）

---
[2026-07-21 00:53:50] 开始重启 COMS agents...
[2026-07-21 00:53:50] 正在重启 agent: planner
[2026-07-21 00:53:50]   已终止 planner 进程: 36605
[2026-07-21 00:53:50]   ✅ planner Terminal 窗口已打开
[2026-07-21 00:53:50]   planner: restarted
[2026-07-21 00:53:50] 正在重启 agent: coder
[2026-07-21 00:53:50]   已终止 coder 进程: 36627
[2026-07-21 00:53:51]   ✅ coder Terminal 窗口已打开
[2026-07-21 00:53:51]   coder: restarted
[2026-07-21 00:53:51] 交接文件已归档: /Users/rama/textron/test_20260721_005351.md
[2026-07-21 00:53:51] 重启流程完成
[2026-07-21 00:53:51] ==================================================
[2026-07-21 01:06:46] ==================================================
[2026-07-21 01:06:46] 重启流程开始
[2026-07-21 01:06:46] 交接内容 (27 字符):
[2026-07-21 01:06:46] ---
# 交接信息

（等待 planner 写入...）

---
[2026-07-21 01:06:46] 开始重启 COMS agents...
[2026-07-21 01:06:46] 正在重启 agent: planner
[2026-07-21 01:06:46]   已终止 planner 进程: 38177
[2026-07-21 01:06:47]   ✅ planner Terminal 窗口已打开
[2026-07-21 01:06:47]   planner: restarted
[2026-07-21 01:06:47] 正在重启 agent: coder
[2026-07-21 01:06:47]   已终止 coder 进程: 38198
[2026-07-21 01:06:48]   ✅ coder Terminal 窗口已打开
[2026-07-21 01:06:48]   coder: restarted
[2026-07-21 01:06:48] 交接文件已归档: /Users/rama/textron/test_20260721_010648.md
[2026-07-21 01:06:48] 重启流程完成
[2026-07-21 01:06:48] ==================================================
[2026-07-21 01:25:48] ==================================================
[2026-07-21 01:25:48] 重启流程开始
[2026-07-21 01:25:48] 交接内容 (27 字符):
[2026-07-21 01:25:48] ---
# 交接信息

（等待 planner 写入...）

---
[2026-07-21 01:25:48] 开始重启 COMS agents...
[2026-07-21 01:25:48] 正在重启 agent: planner
[2026-07-21 01:25:48]   已终止 planner 进程: 39351
[2026-07-21 01:25:49]   ✅ planner Terminal 窗口已打开
[2026-07-21 01:25:49]   planner: restarted
[2026-07-21 01:25:49] 正在重启 agent: coder
[2026-07-21 01:25:49]   已终止 coder 进程: 39373
[2026-07-21 01:25:49]   ✅ coder Terminal 窗口已打开
[2026-07-21 01:25:49]   coder: restarted
[2026-07-21 01:25:49] 交接文件已归档: /Users/rama/textron/test_20260721_012549.md
[2026-07-21 01:25:49] 重启流程完成
[2026-07-21 01:25:49] ==================================================
[2026-07-21 01:37:25] ==================================================
[2026-07-21 01:37:25] 重启流程开始
[2026-07-21 01:37:25] 交接内容 (27 字符):
[2026-07-21 01:37:25] ---
# 交接信息

（等待 planner 写入...）

---
[2026-07-21 01:37:25] 开始重启 COMS agents...
[2026-07-21 01:37:25] 正在重启 agent: planner
[2026-07-21 01:37:25]   已终止 planner 进程: 41305
[2026-07-21 01:37:25]   ✅ planner Terminal 窗口已打开
[2026-07-21 01:37:25]   planner: restarted
[2026-07-21 01:37:25] 正在重启 agent: coder
[2026-07-21 01:37:25]   已终止 coder 进程: 41325
[2026-07-21 01:37:26]   ✅ coder Terminal 窗口已打开
[2026-07-21 01:37:26]   coder: restarted
[2026-07-21 01:37:26] 交接文件已归档: /Users/rama/textron/test_20260721_013726.md
[2026-07-21 01:37:26] 重启流程完成
[2026-07-21 01:37:26] ==================================================
[2026-07-21 02:20:36] ==================================================
[2026-07-21 02:20:36] 重启流程开始
[2026-07-21 02:20:36] 交接内容 (27 字符):
[2026-07-21 02:20:36] ---
# 交接信息

（等待 planner 写入...）

---
[2026-07-21 02:20:36] 开始重启 COMS agents...
[2026-07-21 02:20:36] 正在重启 agent: planner
[2026-07-21 02:20:36]   已终止 planner 进程: 42596
[2026-07-21 02:20:36]   ✅ planner Terminal 窗口已打开
[2026-07-21 02:20:36]   planner: restarted
[2026-07-21 02:20:36] 正在重启 agent: coder
[2026-07-21 02:20:36]   已终止 coder 进程: 42620
[2026-07-21 02:20:37]   ✅ coder Terminal 窗口已打开
[2026-07-21 02:20:37]   coder: restarted
[2026-07-21 02:20:37] 交接文件已归档: /Users/rama/textron/test_20260721_022037.md
[2026-07-21 02:20:37] 重启流程完成
[2026-07-21 02:20:37] ==================================================
[2026-07-21 04:36:17] ==================================================
[2026-07-21 04:36:17] 重启流程开始
[2026-07-21 04:36:17] 交接内容 (27 字符):
[2026-07-21 04:36:17] ---
# 交接信息

（等待 planner 写入...）

---
[2026-07-21 04:36:17] 开始重启 COMS agents...
[2026-07-21 04:36:17] 正在重启 agent: planner
[2026-07-21 04:36:17]   已终止 planner 进程: 57023
[2026-07-21 04:36:17]   ✅ planner Terminal 窗口已打开
[2026-07-21 04:36:17]   planner: restarted
[2026-07-21 04:36:17] 正在重启 agent: coder
[2026-07-21 04:36:17]   已终止 coder 进程: 57049
[2026-07-21 04:36:18]   ✅ coder Terminal 窗口已打开
[2026-07-21 04:36:18]   coder: restarted
[2026-07-21 04:36:18] 交接文件已归档: /Users/rama/textron/test_20260721_043618.md
[2026-07-21 04:36:18] 重启流程完成
[2026-07-21 04:36:18] ==================================================
[2026-07-21 04:46:58] ==================================================
[2026-07-21 04:46:58] 重启流程开始
[2026-07-21 04:46:58] 交接内容 (27 字符):
[2026-07-21 04:46:58] ---
# 交接信息

（等待 planner 写入...）

---
[2026-07-21 04:46:58] 开始重启 COMS agents...
[2026-07-21 04:46:58] 正在重启 agent: planner
[2026-07-21 04:46:58]   已终止 planner 进程: 59067
[2026-07-21 04:46:58]   ✅ planner Terminal 窗口已打开
[2026-07-21 04:46:58]   planner: restarted
[2026-07-21 04:46:58] 正在重启 agent: coder
[2026-07-21 04:46:58]   已终止 coder 进程: 59096
[2026-07-21 04:46:59]   ✅ coder Terminal 窗口已打开
[2026-07-21 04:46:59]   coder: restarted
[2026-07-21 04:46:59] 交接文件已归档: /Users/rama/textron/test_20260721_044659.md
[2026-07-21 04:46:59] 重启流程完成
[2026-07-21 04:46:59] ==================================================
[2026-07-21 05:19:48] ==================================================
[2026-07-21 05:19:48] 重启流程开始
[2026-07-21 05:19:48] 交接内容 (27 字符):
[2026-07-21 05:19:48] ---
# 交接信息

（等待 planner 写入...）

---
[2026-07-21 05:19:48] 开始重启 COMS agents...
[2026-07-21 05:19:48] 正在重启 agent: planner
[2026-07-21 05:19:48]   已终止 planner 进程: 60170
[2026-07-21 05:19:49]   ✅ planner Terminal 窗口已打开
[2026-07-21 05:19:49]   planner: restarted
[2026-07-21 05:19:49] 正在重启 agent: coder
[2026-07-21 05:19:49]   已终止 coder 进程: 60190
[2026-07-21 05:19:49]   ✅ coder Terminal 窗口已打开
[2026-07-21 05:19:49]   coder: restarted
[2026-07-21 05:19:49] 交接文件已归档: /Users/rama/textron/test_20260721_051949.md
[2026-07-21 05:19:49] 重启流程完成
[2026-07-21 05:19:49] ==================================================
[2026-07-21 06:04:00] ==================================================
[2026-07-21 06:04:00] 重启流程开始
[2026-07-21 06:04:00] 交接内容 (27 字符):
[2026-07-21 06:04:00] ---
# 交接信息

（等待 planner 写入...）

---
[2026-07-21 06:04:00] 开始重启 COMS agents...
[2026-07-21 06:04:00] 正在重启 agent: planner
[2026-07-21 06:04:00]   已终止 planner 进程: 63274
[2026-07-21 06:04:00]   ✅ planner Terminal 窗口已打开
[2026-07-21 06:04:00]   planner: restarted
[2026-07-21 06:04:00] 正在重启 agent: coder
[2026-07-21 06:04:00]   已终止 coder 进程: 63294
[2026-07-21 06:04:01]   ✅ coder Terminal 窗口已打开
[2026-07-21 06:04:01]   coder: restarted
[2026-07-21 06:04:01] 交接文件已归档: /Users/rama/textron/test_20260721_060401.md
[2026-07-21 06:04:01] 重启流程完成
[2026-07-21 06:04:01] ==================================================
[2026-07-22 00:02:03] ==================================================
[2026-07-22 00:02:03] 重启流程开始
[2026-07-22 00:02:03] 交接内容 (27 字符):
[2026-07-22 00:02:03] ---
# 交接信息

（等待 planner 写入...）

---
[2026-07-22 00:02:03] 开始重启 COMS agents...
[2026-07-22 00:02:03] 正在重启 agent: planner
[2026-07-22 00:02:03]   已终止 planner 进程: 67397
[2026-07-22 00:02:03]   ✅ planner Terminal 窗口已打开
[2026-07-22 00:02:03]   planner: restarted
[2026-07-22 00:02:03] 正在重启 agent: coder
[2026-07-22 00:02:03]   已终止 coder 进程: 67418
[2026-07-22 00:02:04]   ✅ coder Terminal 窗口已打开
[2026-07-22 00:02:04]   coder: restarted
[2026-07-22 00:02:04] 交接文件已归档: /Users/rama/textron/test_20260722_000204.md
[2026-07-22 00:02:04] 重启流程完成
[2026-07-22 00:02:04] ==================================================
[2026-07-22 00:43:31] ==================================================
[2026-07-22 00:43:31] 重启流程开始
[2026-07-22 00:43:31] 交接内容 (27 字符):
[2026-07-22 00:43:31] ---
# 交接信息

（等待 planner 写入...）

---
[2026-07-22 00:43:31] 开始重启 COMS agents...
[2026-07-22 00:43:31] 正在重启 agent: planner
[2026-07-22 00:43:31]   已终止 planner 进程: 8700
[2026-07-22 00:43:31]   ✅ planner Terminal 窗口已打开
[2026-07-22 00:43:31]   planner: restarted
[2026-07-22 00:43:31] 正在重启 agent: coder
[2026-07-22 00:43:31]   已终止 coder 进程: 8728
[2026-07-22 00:43:32]   ✅ coder Terminal 窗口已打开
[2026-07-22 00:43:32]   coder: restarted
[2026-07-22 00:43:32] 交接文件已归档: /Users/rama/textron/test_20260722_004332.md
[2026-07-22 00:43:32] 重启流程完成
[2026-07-22 00:43:32] ==================================================
[2026-07-22 01:20:48] ==================================================
[2026-07-22 01:20:48] 重启流程开始
[2026-07-22 01:20:48] 交接内容 (27 字符):
[2026-07-22 01:20:48] ---
# 交接信息

（等待 planner 写入...）

---
[2026-07-22 01:20:48] 开始重启 COMS agents...
[2026-07-22 01:20:48] 正在重启 agent: planner
[2026-07-22 01:20:48]   已终止 planner 进程: 12826
[2026-07-22 01:20:48]   ✅ planner Terminal 窗口已打开
[2026-07-22 01:20:48]   planner: restarted
[2026-07-22 01:20:48] 正在重启 agent: coder
[2026-07-22 01:20:48]   已终止 coder 进程: 12846
[2026-07-22 01:20:48]   ✅ coder Terminal 窗口已打开
[2026-07-22 01:20:48]   coder: restarted
[2026-07-22 01:20:48] 交接文件已归档: /Users/rama/textron/test_20260722_012048.md
[2026-07-22 01:20:48] 重启流程完成
[2026-07-22 01:20:48] ==================================================
[2026-07-22 01:34:00] ==================================================
[2026-07-22 01:34:00] 重启流程开始
[2026-07-22 01:34:00] 交接内容 (27 字符):
[2026-07-22 01:34:00] ---
# 交接信息

（等待 planner 写入...）

---
[2026-07-22 01:34:00] 开始重启 COMS agents...
[2026-07-22 01:34:00] 正在重启 agent: planner
[2026-07-22 01:34:00]   已终止 planner 进程: 17205
[2026-07-22 01:34:01]   ✅ planner Terminal 窗口已打开
[2026-07-22 01:34:01]   planner: restarted
[2026-07-22 01:34:01] 正在重启 agent: coder
[2026-07-22 01:34:01]   已终止 coder 进程: 17227
[2026-07-22 01:34:02]   ✅ coder Terminal 窗口已打开
[2026-07-22 01:34:02]   coder: restarted
[2026-07-22 01:34:02] 交接文件已归档: /Users/rama/textron/test_20260722_013402.md
[2026-07-22 01:34:02] 重启流程完成
[2026-07-22 01:34:02] ==================================================
[2026-07-22 01:58:23] ==================================================
[2026-07-22 01:58:23] 重启流程开始
[2026-07-22 01:58:23] 交接内容 (27 字符):
[2026-07-22 01:58:23] ---
# 交接信息

（等待 planner 写入...）

---
[2026-07-22 01:58:23] 开始重启 COMS agents...
[2026-07-22 01:58:23] 正在重启 agent: planner
[2026-07-22 01:58:23]   已终止 planner 进程: 18589
[2026-07-22 01:58:23]   ✅ planner Terminal 窗口已打开
[2026-07-22 01:58:23]   planner: restarted
[2026-07-22 01:58:23] 正在重启 agent: coder
[2026-07-22 01:58:23]   已终止 coder 进程: 18609
[2026-07-22 01:58:24]   ✅ coder Terminal 窗口已打开
[2026-07-22 01:58:24]   coder: restarted
[2026-07-22 01:58:24] 交接文件已归档: /Users/rama/textron/test_20260722_015824.md
[2026-07-22 01:58:24] 重启流程完成
[2026-07-22 01:58:24] ==================================================
[2026-07-22 02:11:03] ==================================================
[2026-07-22 02:11:03] 重启流程开始
[2026-07-22 02:11:03] 交接内容 (27 字符):
[2026-07-22 02:11:03] ---
# 交接信息

（等待 planner 写入...）

---
[2026-07-22 02:11:03] 开始重启 COMS agents...
[2026-07-22 02:11:03] 正在重启 agent: planner
[2026-07-22 02:11:03]   已终止 planner 进程: 21012
[2026-07-22 02:11:03]   ✅ planner Terminal 窗口已打开
[2026-07-22 02:11:03]   planner: restarted
[2026-07-22 02:11:03] 正在重启 agent: coder
[2026-07-22 02:11:03]   已终止 coder 进程: 21032
[2026-07-22 02:11:04]   ✅ coder Terminal 窗口已打开
[2026-07-22 02:11:04]   coder: restarted
[2026-07-22 02:11:04] 交接文件已归档: /Users/rama/textron/test_20260722_021104.md
[2026-07-22 02:11:04] 重启流程完成
[2026-07-22 02:11:04] ==================================================
[2026-07-22 03:05:34] ==================================================
[2026-07-22 03:05:34] 重启流程开始
[2026-07-22 03:05:34] 交接内容 (27 字符):
[2026-07-22 03:05:34] ---
# 交接信息

（等待 planner 写入...）

---
[2026-07-22 03:05:34] 开始重启 COMS agents...
[2026-07-22 03:05:34] 正在重启 agent: planner
[2026-07-22 03:05:34]   已终止 planner 进程: 25696
[2026-07-22 03:05:34]   ✅ planner Terminal 窗口已打开
[2026-07-22 03:05:34]   planner: restarted
[2026-07-22 03:05:34] 正在重启 agent: coder
[2026-07-22 03:05:34]   未找到 coder 的旧进程，跳过 kill
[2026-07-22 03:05:35]   ✅ coder Terminal 窗口已打开
[2026-07-22 03:05:35]   coder: restarted
[2026-07-22 03:05:35] 交接文件已归档: /Users/rama/textron/test_20260722_030535.md
[2026-07-22 03:05:35] 重启流程完成
[2026-07-22 03:05:35] ==================================================
[2026-07-22 03:54:55] ==================================================
[2026-07-22 03:54:55] 重启流程开始
[2026-07-22 03:54:55] 交接内容 (27 字符):
[2026-07-22 03:54:55] ---
# 交接信息

（等待 planner 写入...）

---
[2026-07-22 03:54:55] 开始重启 COMS agents...
[2026-07-22 03:54:55] 正在重启 agent: planner
[2026-07-22 03:54:55]   已终止 planner 进程: 27327
[2026-07-22 03:54:55]   ✅ planner Terminal 窗口已打开
[2026-07-22 03:54:55]   planner: restarted
[2026-07-22 03:54:55] 正在重启 agent: coder
[2026-07-22 03:54:55]   已终止 coder 进程: 27347
[2026-07-22 03:54:55]   ✅ coder Terminal 窗口已打开
[2026-07-22 03:54:56]   coder: restarted
[2026-07-22 03:54:56] 交接文件已归档: /Users/rama/textron/test_20260722_035456.md
[2026-07-22 03:54:56] 重启流程完成
[2026-07-22 03:54:56] ==================================================
[2026-07-22 16:33:47] ==================================================
[2026-07-22 16:33:47] 重启流程开始
[2026-07-22 16:33:47] 交接内容 (27 字符):
[2026-07-22 16:33:47] ---
# 交接信息

（等待 planner 写入...）

---
[2026-07-22 16:33:47] 开始重启 COMS agents...
[2026-07-22 16:33:47] 正在重启 agent: planner
[2026-07-22 16:33:47]   已终止 planner 进程: 31305
[2026-07-22 16:33:48]   ✅ planner Terminal 窗口已打开
[2026-07-22 16:33:48]   planner: restarted
[2026-07-22 16:33:48] 正在重启 agent: coder
[2026-07-22 16:33:48]   未找到 coder 的旧进程，跳过 kill
[2026-07-22 16:33:48]   ✅ coder Terminal 窗口已打开
[2026-07-22 16:33:48]   coder: restarted
[2026-07-22 16:33:48] 交接文件已归档: /Users/rama/textron/test_20260722_163348.md
[2026-07-22 16:33:48] 重启流程完成
[2026-07-22 16:33:48] ==================================================
[2026-07-23 06:45:28] ==================================================
[2026-07-23 06:45:28] 重启流程开始
[2026-07-23 06:45:28] 交接文件为空，跳过交接信息
[2026-07-23 06:45:28] 开始重启 COMS agents...
[2026-07-23 06:45:28] 正在重启 agent: planner
[2026-07-23 06:45:28]   已终止 planner 进程: 69685
[2026-07-23 06:45:28]   ✅ planner Terminal 窗口已打开
[2026-07-23 06:45:28]   planner: restarted
[2026-07-23 06:45:28] 正在重启 agent: coder
[2026-07-23 06:45:28]   已终止 coder 进程: 69684
[2026-07-23 06:45:29]   ✅ coder Terminal 窗口已打开
[2026-07-23 06:45:29]   coder: restarted
[2026-07-23 06:45:29] 重启流程完成
[2026-07-23 06:45:29] ==================================================
[2026-07-23 07:48:52] ==================================================
[2026-07-23 07:48:52] 重启流程开始
[2026-07-23 07:48:52] 交接内容 (27 字符):
[2026-07-23 07:48:52] ---
# 交接信息

（等待 planner 写入...）

---
[2026-07-23 07:48:52] 开始重启 COMS agents...
[2026-07-23 07:48:52] 正在重启 agent: planner
[2026-07-23 07:48:52]   已终止 planner 进程: 75961
[2026-07-23 07:48:53]   ✅ planner Terminal 窗口已打开
[2026-07-23 07:48:53]   planner: restarted
[2026-07-23 07:48:53] 正在重启 agent: coder
[2026-07-23 07:48:53]   已终止 coder 进程: 75981
[2026-07-23 07:48:53]   ✅ coder Terminal 窗口已打开
[2026-07-23 07:48:53]   coder: restarted
[2026-07-23 07:48:53] 交接文件已归档: /Users/rama/textron/test_20260723_074853.md
[2026-07-23 07:48:53] 重启流程完成
[2026-07-23 07:48:53] ==================================================
[2026-07-23 08:44:26] ==================================================
[2026-07-23 08:44:26] 重启流程开始
[2026-07-23 08:44:26] 交接文件为空，跳过交接信息
[2026-07-23 08:44:26] 开始重启 COMS agents...
[2026-07-23 08:44:26] 正在重启 agent: planner
[2026-07-23 08:44:26]   未找到 planner 的旧进程，跳过 kill
[2026-07-23 08:44:26]   ✅ planner Terminal 窗口已打开
[2026-07-23 08:44:26]   planner: restarted
[2026-07-23 08:44:26] 正在重启 agent: coder
[2026-07-23 08:44:26]   未找到 coder 的旧进程，跳过 kill
[2026-07-23 08:44:27]   ✅ coder Terminal 窗口已打开
[2026-07-23 08:44:27]   coder: restarted
[2026-07-23 08:44:27] 重启流程完成
[2026-07-23 08:44:27] ==================================================
[2026-07-23 08:44:51] ==================================================
[2026-07-23 08:44:51] 重启流程开始
[2026-07-23 08:44:51] 交接文件为空，跳过交接信息
[2026-07-23 08:44:51] 开始重启 COMS agents...
[2026-07-23 08:44:51] 正在重启 agent: planner
[2026-07-23 08:44:51]   未找到 planner 的旧进程，跳过 kill
[2026-07-23 08:44:51]   ✅ planner Terminal 窗口已打开
[2026-07-23 08:44:51]   planner: restarted
[2026-07-23 08:44:51] 正在重启 agent: coder
[2026-07-23 08:44:51]   未找到 coder 的旧进程，跳过 kill
[2026-07-23 08:44:52]   ✅ coder Terminal 窗口已打开
[2026-07-23 08:44:52]   coder: restarted
[2026-07-23 08:44:52] 重启流程完成
[2026-07-23 08:44:52] ==================================================
[2026-07-23 09:14:21] ==================================================
[2026-07-23 09:14:21] 重启流程开始
[2026-07-23 09:14:21] 交接文件为空，跳过交接信息
[2026-07-23 09:14:21] 开始重启 COMS agents...
[2026-07-23 09:14:21] 正在重启 agent: planner
[2026-07-23 09:14:21]   已终止 planner 进程: 88400
[2026-07-23 09:14:21]   ✅ planner Terminal 窗口已打开
[2026-07-23 09:14:21]   planner: restarted
[2026-07-23 09:14:21] 正在重启 agent: coder
[2026-07-23 09:14:21]   已终止 coder 进程: 88420
[2026-07-23 09:14:22]   ✅ coder Terminal 窗口已打开
[2026-07-23 09:14:22]   coder: restarted
[2026-07-23 09:14:22] 重启流程完成
[2026-07-23 09:14:22] ==================================================
[2026-07-23 09:41:10] ==================================================
[2026-07-23 09:41:10] 重启流程开始
[2026-07-23 09:41:10] 交接文件为空，跳过交接信息
[2026-07-23 09:41:10] 开始重启 COMS agents...
[2026-07-23 09:41:10] 正在重启 agent: planner
[2026-07-23 09:41:10]   已终止 planner 进程: 91468
[2026-07-23 09:41:11]   ✅ planner Terminal 窗口已打开
[2026-07-23 09:41:11]   planner: restarted
[2026-07-23 09:41:11] 正在重启 agent: coder
[2026-07-23 09:41:11]   已终止 coder 进程: 91488
[2026-07-23 09:41:11]   ✅ coder Terminal 窗口已打开
[2026-07-23 09:41:11]   coder: restarted
[2026-07-23 09:41:11] 重启流程完成
[2026-07-23 09:41:11] ==================================================
[2026-07-23 11:38:35] 正在重启 agent: coder
[2026-07-23 11:38:35]   未找到 coder 的旧进程，跳过 kill
[2026-07-23 11:38:36]   ✅ coder Terminal 窗口已打开
[2026-07-23 12:20:55] 正在重启 agent: coder
[2026-07-23 12:20:55]   已终止 coder 进程: 14550
[2026-07-23 12:20:55]   ✅ coder Terminal 窗口已打开
[2026-07-23 12:49:56] 正在重启 agent: coder
[2026-07-23 12:49:56]   已终止 coder 进程: 22365
[2026-07-23 12:49:57]   ✅ coder Terminal 窗口已打开
